Performing C++ SOURCE FILE Test CMAKE_HAVE_LIBC_PTHREAD failed with the following output:
Change Dir: /home/db/Robotics/ROS_WORKSPACE/ompl_ws/src/ompl/cmake-build-debug/CMakeFiles/CMakeTmp

Run Build Command(s):/usr/bin/make cmTC_3aa0e/fast && /usr/bin/make -f CMakeFiles/cmTC_3aa0e.dir/build.make CMakeFiles/cmTC_3aa0e.dir/build
make[1]: Entering directory '/home/db/Robotics/ROS_WORKSPACE/ompl_ws/src/ompl/cmake-build-debug/CMakeFiles/CMakeTmp'
Building CXX object CMakeFiles/cmTC_3aa0e.dir/src.cxx.o
/usr/bin/c++    -DCMAKE_HAVE_LIBC_PTHREAD   -o CMakeFiles/cmTC_3aa0e.dir/src.cxx.o -c /home/db/Robotics/ROS_WORKSPACE/ompl_ws/src/ompl/cmake-build-debug/CMakeFiles/CMakeTmp/src.cxx
Linking CXX executable cmTC_3aa0e
/home/db/Programs/CLion-2020.1/clion-2020.1/bin/cmake/linux/bin/cmake -E cmake_link_script CMakeFiles/cmTC_3aa0e.dir/link.txt --verbose=1
/usr/bin/c++   -DCMAKE_HAVE_LIBC_PTHREAD    CMakeFiles/cmTC_3aa0e.dir/src.cxx.o  -o cmTC_3aa0e 
CMakeFiles/cmTC_3aa0e.dir/src.cxx.o: In function `main':
src.cxx:(.text+0x3e): undefined reference to `pthread_create'
src.cxx:(.text+0x4a): undefined reference to `pthread_detach'
src.cxx:(.text+0x5b): undefined reference to `pthread_join'
src.cxx:(.text+0x6f): undefined reference to `pthread_atfork'
collect2: error: ld returned 1 exit status
CMakeFiles/cmTC_3aa0e.dir/build.make:86: recipe for target 'cmTC_3aa0e' failed
make[1]: *** [cmTC_3aa0e] Error 1
make[1]: Leaving directory '/home/db/Robotics/ROS_WORKSPACE/ompl_ws/src/ompl/cmake-build-debug/CMakeFiles/CMakeTmp'
Makefile:121: recipe for target 'cmTC_3aa0e/fast' failed
make: *** [cmTC_3aa0e/fast] Error 2


Source file was:
#include <pthread.h>

void* test_func(void* data)
{
  return data;
}

int main(void)
{
  pthread_t thread;
  pthread_create(&thread, NULL, test_func, NULL);
  pthread_detach(thread);
  pthread_join(thread, NULL);
  pthread_atfork(NULL, NULL, NULL);
  pthread_exit(NULL);

  return 0;
}

Determining if the function pthread_create exists in the pthreads failed with the following output:
Change Dir: /home/db/Robotics/ROS_WORKSPACE/ompl_ws/src/ompl/cmake-build-debug/CMakeFiles/CMakeTmp

Run Build Command(s):/usr/bin/make cmTC_8bb44/fast && /usr/bin/make -f CMakeFiles/cmTC_8bb44.dir/build.make CMakeFiles/cmTC_8bb44.dir/build
make[1]: Entering directory '/home/db/Robotics/ROS_WORKSPACE/ompl_ws/src/ompl/cmake-build-debug/CMakeFiles/CMakeTmp'
Building CXX object CMakeFiles/cmTC_8bb44.dir/CheckFunctionExists.cxx.o
/usr/bin/c++    -DCHECK_FUNCTION_EXISTS=pthread_create   -o CMakeFiles/cmTC_8bb44.dir/CheckFunctionExists.cxx.o -c /home/db/Robotics/ROS_WORKSPACE/ompl_ws/src/ompl/cmake-build-debug/CMakeFiles/CheckLibraryExists/CheckFunctionExists.cxx
Linking CXX executable cmTC_8bb44
/home/db/Programs/CLion-2020.1/clion-2020.1/bin/cmake/linux/bin/cmake -E cmake_link_script CMakeFiles/cmTC_8bb44.dir/link.txt --verbose=1
/usr/bin/c++   -DCHECK_FUNCTION_EXISTS=pthread_create    CMakeFiles/cmTC_8bb44.dir/CheckFunctionExists.cxx.o  -o cmTC_8bb44  -lpthreads 
/usr/bin/ld: cannot find -lpthreads
collect2: error: ld returned 1 exit status
CMakeFiles/cmTC_8bb44.dir/build.make:86: recipe for target 'cmTC_8bb44' failed
make[1]: *** [cmTC_8bb44] Error 1
make[1]: Leaving directory '/home/db/Robotics/ROS_WORKSPACE/ompl_ws/src/ompl/cmake-build-debug/CMakeFiles/CMakeTmp'
Makefile:121: recipe for target 'cmTC_8bb44/fast' failed
make: *** [cmTC_8bb44/fast] Error 2



